<?xml version="1.0" encoding="UTF-8"?>
<testng-results ignored="0" total="1" passed="1" failed="0" skipped="0">
  <reporter-output>
  </reporter-output>
  <suite started-at="2023-03-26T19:51:14 IST" name="TestContainer Selenium" finished-at="2023-03-26T19:51:18 IST" duration-ms="4362">
    <groups>
    </groups>
    <test started-at="2023-03-26T19:51:14 IST" name="TestContainer Test" finished-at="2023-03-26T19:51:18 IST" duration-ms="4362">
      <class name="SeleniumTests">
        <test-method is-config="true" signature="initialise()[pri:0, instance:SeleniumTests@667a738]" started-at="2023-03-26T19:51:11 IST" name="initialise" finished-at="2023-03-26T19:51:14 IST" duration-ms="3300" status="PASS">
          <reporter-output>
          </reporter-output>
        </test-method> <!-- initialise -->
        <test-method signature="openUrl()[pri:0, instance:SeleniumTests@667a738]" started-at="2023-03-26T19:51:14 IST" name="openUrl" finished-at="2023-03-26T19:51:18 IST" duration-ms="4350" status="PASS">
          <reporter-output>
          </reporter-output>
        </test-method> <!-- openUrl -->
        <test-method is-config="true" signature="tear()[pri:0, instance:SeleniumTests@667a738]" started-at="2023-03-26T19:51:18 IST" name="tear" finished-at="2023-03-26T19:51:19 IST" duration-ms="328" status="PASS">
          <reporter-output>
          </reporter-output>
        </test-method> <!-- tear -->
      </class> <!-- SeleniumTests -->
    </test> <!-- TestContainer Test -->
  </suite> <!-- TestContainer Selenium -->
</testng-results>
